<?xml version="1.0" encoding="UTF-8"?>
<!-- Generated by org.testng.reporters.JUnitXMLReporter -->
<testsuite ignored="0" hostname="Rojina" failures="0" tests="4" name="Default test" time="8.271" errors="0" timestamp="2023-07-05T02:03:05 EDT">
  <testcase classname="com.testRunner.CucumberRunner" name="test1" time="0.004"/>
  <testcase classname="io.cucumber.testng.AbstractTestNGCucumberTests" name="runScenario" time="3.493"/>
  <testcase classname="io.cucumber.testng.AbstractTestNGCucumberTests" name="runScenario" time="1.757"/>
  <testcase classname="io.cucumber.testng.AbstractTestNGCucumberTests" name="runScenario" time="2.117"/>
</testsuite> <!-- Default test -->
