<?xml version="1.0" encoding="UTF-8"?>
<!-- Generated by org.testng.reporters.JUnitXMLReporter -->
<testsuite ignored="0" hostname="Rojina" failures="0" tests="4" name="Test" time="7.787" errors="0" timestamp="2023-07-04T21:43:23 EDT">
  <testcase classname="com.testRunner.CucumberRunner" name="test1" time="0.001"/>
  <testcase classname="io.cucumber.testng.AbstractTestNGCucumberTests" name="runScenario" time="3.038"/>
  <testcase classname="io.cucumber.testng.AbstractTestNGCucumberTests" name="runScenario" time="1.895"/>
  <testcase classname="io.cucumber.testng.AbstractTestNGCucumberTests" name="runScenario" time="2.09"/>
</testsuite> <!-- Test -->
