<?xml version="1.0" encoding="UTF-8"?>
<testng-results ignored="0" total="4" passed="4" failed="0" skipped="0">
  <reporter-output>
  </reporter-output>
  <suite started-at="2023-07-04T21:43:15 EDT" name="Suite" finished-at="2023-07-04T21:43:23 EDT" duration-ms="7787">
    <groups>
      <group name="cucumber">
        <method signature="AbstractTestNGCucumberTests.runScenario(io.cucumber.testng.PickleWrapper,io.cucumber.testng.FeatureWrapper)[pri:0, instance:com.testRunner.CucumberRunner@76b1e9b8]" name="runScenario" class="io.cucumber.testng.AbstractTestNGCucumberTests"/>
      </group> <!-- cucumber -->
    </groups>
    <test started-at="2023-07-04T21:43:15 EDT" name="Test" finished-at="2023-07-04T21:43:23 EDT" duration-ms="7787">
      <class name="com.testRunner.CucumberRunner">
        <test-method is-config="true" signature="setup()[pri:0, instance:com.testRunner.CucumberRunner@76b1e9b8]" started-at="2023-07-04T21:43:15 EDT" name="setup" finished-at="2023-07-04T21:43:15 EDT" duration-ms="12" status="PASS">
          <reporter-output>
          </reporter-output>
        </test-method> <!-- setup -->
        <test-method is-config="true" signature="setUpClass(org.testng.ITestContext)[pri:0, instance:com.testRunner.CucumberRunner@76b1e9b8]" started-at="2023-07-04T21:43:15 EDT" name="setUpClass" finished-at="2023-07-04T21:43:15 EDT" duration-ms="239" status="PASS">
          <params>
            <param index="0">
              <value>
                <![CDATA[org.testng.TestRunner@535b1ae6]]>
              </value>
            </param>
          </params>
          <reporter-output>
          </reporter-output>
        </test-method> <!-- setUpClass -->
        <test-method signature="test1()[pri:0, instance:com.testRunner.CucumberRunner@76b1e9b8]" started-at="2023-07-04T21:43:15 EDT" name="test1" finished-at="2023-07-04T21:43:15 EDT" duration-ms="1" status="PASS">
          <reporter-output>
          </reporter-output>
        </test-method> <!-- test1 -->
        <test-method signature="runScenario(io.cucumber.testng.PickleWrapper,io.cucumber.testng.FeatureWrapper)[pri:0, instance:com.testRunner.CucumberRunner@76b1e9b8]" started-at="2023-07-04T21:43:15 EDT" name="runScenario" description="Runs Cucumber Scenarios" data-provider="scenarios" finished-at="2023-07-04T21:43:18 EDT" duration-ms="3038" status="PASS">
          <params>
            <param index="0">
              <value>
                <![CDATA["Check login with valid credentials"]]>
              </value>
            </param>
            <param index="1">
              <value>
                <![CDATA["Login function test"]]>
              </value>
            </param>
          </params>
          <reporter-output>
          </reporter-output>
        </test-method> <!-- runScenario -->
        <test-method signature="runScenario(io.cucumber.testng.PickleWrapper,io.cucumber.testng.FeatureWrapper)[pri:0, instance:com.testRunner.CucumberRunner@76b1e9b8]" started-at="2023-07-04T21:43:18 EDT" name="runScenario" description="Runs Cucumber Scenarios" data-provider="scenarios" finished-at="2023-07-04T21:43:20 EDT" duration-ms="1895" status="PASS">
          <params>
            <param index="0">
              <value>
                <![CDATA["Check login with invalid credentials"]]>
              </value>
            </param>
            <param index="1">
              <value>
                <![CDATA["Login function test"]]>
              </value>
            </param>
          </params>
          <reporter-output>
          </reporter-output>
        </test-method> <!-- runScenario -->
        <test-method signature="runScenario(io.cucumber.testng.PickleWrapper,io.cucumber.testng.FeatureWrapper)[pri:0, instance:com.testRunner.CucumberRunner@76b1e9b8]" started-at="2023-07-04T21:43:20 EDT" name="runScenario" description="Runs Cucumber Scenarios" data-provider="scenarios" finished-at="2023-07-04T21:43:22 EDT" duration-ms="2090" status="PASS">
          <params>
            <param index="0">
              <value>
                <![CDATA["Check login with null credentials"]]>
              </value>
            </param>
            <param index="1">
              <value>
                <![CDATA["Login function test"]]>
              </value>
            </param>
          </params>
          <reporter-output>
          </reporter-output>
        </test-method> <!-- runScenario -->
        <test-method is-config="true" signature="tearDownClass()[pri:0, instance:com.testRunner.CucumberRunner@76b1e9b8]" started-at="2023-07-04T21:43:22 EDT" name="tearDownClass" finished-at="2023-07-04T21:43:23 EDT" duration-ms="462" status="PASS">
          <reporter-output>
          </reporter-output>
        </test-method> <!-- tearDownClass -->
        <test-method is-config="true" signature="tearDown()[pri:0, instance:com.testRunner.CucumberRunner@76b1e9b8]" started-at="2023-07-04T21:43:23 EDT" name="tearDown" finished-at="2023-07-04T21:43:23 EDT" duration-ms="1" status="PASS">
          <reporter-output>
          </reporter-output>
        </test-method> <!-- tearDown -->
      </class> <!-- com.testRunner.CucumberRunner -->
    </test> <!-- Test -->
  </suite> <!-- Suite -->
</testng-results>
